<?xml version="1.0" encoding="UTF-8"?>
<!-- Generated by org.testng.reporters.JUnitXMLReporter -->
<testsuite hostname="DESKTOP-IM24LGN" name="Default test" tests="9" failures="0" timestamp="10 Nov 2022 11:08:43 GMT" time="16.657" errors="0">
  <testcase name="BasicAuthenication" time="4.389" classname="integrate.api.OmrBranch"/>
  <testcase name="getStateList" time="1.255" classname="integrate.api.OmrBranch"/>
  <testcase name="getCityList" time="1.539" classname="integrate.api.OmrBranch"/>
  <testcase name="addUserAddress" time="1.132" classname="integrate.api.OmrBranch"/>
  <testcase name="updateUserAddress" time="1.239" classname="integrate.api.OmrBranch"/>
  <testcase name="getUserAddress" time="2.07" classname="integrate.api.OmrBranch"/>
  <testcase name="deleteUserAddress" time="1.326" classname="integrate.api.OmrBranch"/>
  <testcase name="searchProduct" time="1.253" classname="integrate.api.OmrBranch"/>
  <testcase name="changeProfilePic" time="2.402" classname="integrate.api.OmrBranch"/>
</testsuite> <!-- Default test -->
